<?xml version="1.0" encoding="UTF-8"?>
<!-- Generated by org.testng.reporters.JUnitReportReporter -->
<testsuite hostname="DS_Arjun_m" name="com.googlerestapi.com.rest.PostRequestTest" tests="1" failures="0" timestamp="9 Dec 2016 13:20:12 GMT" time="1.646" errors="0">
  <testcase name="sendPostObject" time="1.646" classname="com.googlerestapi.com.rest.PostRequestTest"/>
</testsuite> <!-- com.googlerestapi.com.rest.PostRequestTest -->
