<?xml version="1.0" encoding="UTF-8"?>
<!-- Generated by org.testng.reporters.JUnitReportReporter -->
<testsuite hostname="DS_Arjun_m" name="com.googlerestapi.com.rest.JsonServerTest" tests="1" failures="0" timestamp="9 Dec 2016 13:07:36 GMT" time="0.773" errors="0">
  <testcase name="postString" time="0.773" classname="com.googlerestapi.com.rest.JsonServerTest"/>
</testsuite> <!-- com.googlerestapi.com.rest.JsonServerTest -->
